

================================================================
== Vitis HLS Report for 'sumcheck_round_axi'
================================================================
* Date:           Fri May  1 18:52:57 2026

* Version:        2023.2 (Build 4023990 on Oct 11 2023)
* Project:        zkphire_axi
* Solution:       solution1 (Vivado IP Flow Target)
* Product family: zynq
* Target device:  xc7z020-clg400-1


================================================================
== Performance Estimates
================================================================
+ Timing: 
    * Summary: 
    +--------+----------+----------+------------+
    |  Clock |  Target  | Estimated| Uncertainty|
    +--------+----------+----------+------------+
    |ap_clk  |  10.00 ns|  7.396 ns|     2.70 ns|
    +--------+----------+----------+------------+

+ Latency: 
    * Summary: 
    +---------+---------+----------+----------+-----+-----+---------+
    |  Latency (cycles) |  Latency (absolute) |  Interval | Pipeline|
    |   min   |   max   |    min   |    max   | min | max |   Type  |
    +---------+---------+----------+----------+-----+-----+---------+
    |        ?|        ?|         ?|         ?|    ?|    ?|       no|
    +---------+---------+----------+----------+-----+-----+---------+

    + Detail: 
        * Instance: 
        +--------------------------------------------------------------------------+---------------------------------------------------------------+---------+---------+-----------+-----------+-----+------+---------+
        |                                                                          |                                                               |  Latency (cycles) |   Latency (absolute)  |  Interval  | Pipeline|
        |                                 Instance                                 |                             Module                            |   min   |   max   |    min    |    max    | min |  max |   Type  |
        +--------------------------------------------------------------------------+---------------------------------------------------------------+---------+---------+-----------+-----------+-----+------+---------+
        |grp_sumcheck_round_axi_Pipeline_VITIS_LOOP_194_1_VITIS_LOOP_196_2_fu_249  |sumcheck_round_axi_Pipeline_VITIS_LOOP_194_1_VITIS_LOOP_196_2  |       16|     1294|   0.160 us|  12.940 us|   16|  1294|       no|
        |grp_pe_sumcheck_round_fu_265                                              |pe_sumcheck_round                                              |        ?|        ?|          ?|          ?|    ?|     ?|       no|
        |grp_sumcheck_round_axi_Pipeline_VITIS_LOOP_209_3_fu_284                   |sumcheck_round_axi_Pipeline_VITIS_LOOP_209_3                   |        3|        8|  30.000 ns|  80.000 ns|    3|     8|       no|
        |grp_sumcheck_round_axi_Pipeline_VITIS_LOOP_214_4_VITIS_LOOP_216_5_fu_298  |sumcheck_round_axi_Pipeline_VITIS_LOOP_214_4_VITIS_LOOP_216_5  |        5|      644|  50.000 ns|   6.440 us|    5|   644|       no|
        +--------------------------------------------------------------------------+---------------------------------------------------------------+---------+---------+-----------+-----------+-----+------+---------+

        * Loop: 
        N/A



================================================================
== Utilization Estimates
================================================================
* Summary: 
+-----------------+---------+-----+--------+-------+-----+
|       Name      | BRAM_18K| DSP |   FF   |  LUT  | URAM|
+-----------------+---------+-----+--------+-------+-----+
|DSP              |        -|    -|       -|      -|    -|
|Expression       |        -|    -|       0|    772|    -|
|FIFO             |        -|    -|       -|      -|    -|
|Instance         |      150|  240|   72117|  25370|    0|
|Memory           |       90|    -|       0|      0|    0|
|Multiplexer      |        -|    -|       -|    610|    -|
|Register         |        -|    -|    2872|      -|    -|
+-----------------+---------+-----+--------+-------+-----+
|Total            |      240|  240|   74989|  26752|    0|
+-----------------+---------+-----+--------+-------+-----+
|Available        |      280|  220|  106400|  53200|    0|
+-----------------+---------+-----+--------+-------+-----+
|Utilization (%)  |       85|  109|      70|     50|    0|
+-----------------+---------+-----+--------+-------+-----+

+ Detail: 
    * Instance: 
    +--------------------------------------------------------------------------+---------------------------------------------------------------+---------+-----+-------+-------+-----+
    |                                 Instance                                 |                             Module                            | BRAM_18K| DSP |   FF  |  LUT  | URAM|
    +--------------------------------------------------------------------------+---------------------------------------------------------------+---------+-----+-------+-------+-----+
    |control_s_axi_U                                                           |control_s_axi                                                  |        0|    0|    588|   1072|    0|
    |gmem0_m_axi_U                                                             |gmem0_m_axi                                                    |       30|    0|   1199|   1206|    0|
    |gmem1_m_axi_U                                                             |gmem1_m_axi                                                    |       30|    0|   1199|   1206|    0|
    |gmem2_m_axi_U                                                             |gmem2_m_axi                                                    |       30|    0|   1199|   1206|    0|
    |icmp_256ns_256ns_1_2_1_U186                                               |icmp_256ns_256ns_1_2_1                                         |        0|    0|    580|    132|    0|
    |mul_31ns_32ns_63_2_1_U183                                                 |mul_31ns_32ns_63_2_1                                           |        0|    4|    165|     50|    0|
    |mul_32ns_32ns_64_2_1_U184                                                 |mul_32ns_32ns_64_2_1                                           |        0|    4|    165|     50|    0|
    |mul_32s_31ns_32_2_1_U185                                                  |mul_32s_31ns_32_2_1                                            |        0|    3|    165|     50|    0|
    |grp_pe_sumcheck_round_fu_265                                              |pe_sumcheck_round                                              |       60|  225|  65197|  19262|    0|
    |grp_sumcheck_round_axi_Pipeline_VITIS_LOOP_194_1_VITIS_LOOP_196_2_fu_249  |sumcheck_round_axi_Pipeline_VITIS_LOOP_194_1_VITIS_LOOP_196_2  |        0|    4|    970|    581|    0|
    |grp_sumcheck_round_axi_Pipeline_VITIS_LOOP_209_3_fu_284                   |sumcheck_round_axi_Pipeline_VITIS_LOOP_209_3                   |        0|    0|    291|    158|    0|
    |grp_sumcheck_round_axi_Pipeline_VITIS_LOOP_214_4_VITIS_LOOP_216_5_fu_298  |sumcheck_round_axi_Pipeline_VITIS_LOOP_214_4_VITIS_LOOP_216_5  |        0|    0|    399|    397|    0|
    +--------------------------------------------------------------------------+---------------------------------------------------------------+---------+-----+-------+-------+-----+
    |Total                                                                     |                                                               |      150|  240|  72117|  25370|    0|
    +--------------------------------------------------------------------------+---------------------------------------------------------------+---------+-----+-------+-------+-----+

    * DSP: 
    N/A

    * Memory: 
    +------------------+-----------------------------+---------+---+----+-----+------+-----+------+-------------+
    |      Memory      |            Module           | BRAM_18K| FF| LUT| URAM| Words| Bits| Banks| W*Bits*Banks|
    +------------------+-----------------------------+---------+---+----+-----+------+-----+------+-------------+
    |local_tables_U    |local_tables_RAM_AUTO_1R1W   |       15|  0|   0|    0|   256|  256|     1|        65536|
    |local_tables_1_U  |local_tables_RAM_AUTO_1R1W   |       15|  0|   0|    0|   256|  256|     1|        65536|
    |local_tables_2_U  |local_tables_RAM_AUTO_1R1W   |       15|  0|   0|    0|   256|  256|     1|        65536|
    |local_tables_3_U  |local_tables_RAM_AUTO_1R1W   |       15|  0|   0|    0|   256|  256|     1|        65536|
    |local_tables_4_U  |local_tables_RAM_AUTO_1R1W   |       15|  0|   0|    0|   256|  256|     1|        65536|
    |local_updated_U   |local_updated_RAM_AUTO_1R1W  |       15|  0|   0|    0|   640|  256|     1|       163840|
    +------------------+-----------------------------+---------+---+----+-----+------+-----+------+-------------+
    |Total             |                             |       90|  0|   0|    0|  1920| 1536|     6|       491520|
    +------------------+-----------------------------+---------+---+----+-----+------+-----+------+-------------+

    * FIFO: 
    N/A

    * Expression: 
    +--------------------------------------+----------+----+---+----+------------+------------+
    |             Variable Name            | Operation| DSP| FF| LUT| Bitwidth P0| Bitwidth P1|
    +--------------------------------------+----------+----+---+----+------------+------------+
    |add_ln186_fu_329_p2                   |         +|   0|  0|  39|          32|           2|
    |add_ln187_fu_340_p2                   |         +|   0|  0|  39|          32|           3|
    |add_ln188_fu_351_p2                   |         +|   0|  0|  39|          32|           2|
    |add_ln209_fu_411_p2                   |         +|   0|  0|  39|          32|           1|
    |p_neg_fu_466_p2                       |         -|   0|  0|  39|           1|          32|
    |p_neg_t_fu_485_p2                     |         -|   0|  0|  39|           1|          32|
    |and_ln188_fu_356_p2                   |       and|   0|  0|  32|          32|          32|
    |ap_block_state17                      |       and|   0|  0|   2|           1|           1|
    |ap_block_state28                      |       and|   0|  0|   2|           1|           1|
    |ap_predicate_op151_writeresp_state28  |       and|   0|  0|   2|           1|           1|
    |icmp_fu_512_p2                        |      icmp|   0|  0|  38|          31|           1|
    |icmp_ln186_fu_334_p2                  |      icmp|   0|  0|  39|          32|           3|
    |icmp_ln187_fu_345_p2                  |      icmp|   0|  0|  39|          32|           8|
    |icmp_ln188_fu_361_p2                  |      icmp|   0|  0|  39|          32|           1|
    |icmp_ln194_fu_372_p2                  |      icmp|   0|  0|  39|          32|           1|
    |icmp_ln196_fu_384_p2                  |      icmp|   0|  0|  39|          32|           1|
    |icmp_ln214_1_fu_549_p2                |      icmp|   0|  0|  39|          32|           1|
    |icmp_ln214_fu_527_p2                  |      icmp|   0|  0|  38|          31|           1|
    |div_fu_504_p3                         |    select|   0|  0|  32|           1|          32|
    |select_ln194_fu_377_p3                |    select|   0|  0|  32|           1|          32|
    |select_ln196_fu_389_p3                |    select|   0|  0|  32|           1|          32|
    |select_ln214_1_fu_565_p3              |    select|   0|  0|  32|           1|          32|
    |select_ln214_2_fu_554_p3              |    select|   0|  0|  31|           1|           1|
    |select_ln214_fu_533_p3                |    select|   0|  0|  31|           1|          31|
    +--------------------------------------+----------+----+---+----+------------+------------+
    |Total                                 |          |   0|  0| 772|         425|         284|
    +--------------------------------------+----------+----+---+----+------------+------------+

    * Multiplexer: 
    +------------------------------------+-----+-----------+-----+-----------+
    |                Name                | LUT | Input Size| Bits| Total Bits|
    +------------------------------------+-----+-----------+-----+-----------+
    |ap_NS_fsm                           |  130|         29|    1|         29|
    |ap_phi_mux_retval_0_phi_fu_232_p10  |    9|          2|    2|          4|
    |gmem0_ARVALID                       |    9|          2|    1|          2|
    |gmem0_RREADY                        |    9|          2|    1|          2|
    |gmem1_AWADDR                        |   14|          3|   64|        192|
    |gmem1_AWLEN                         |   14|          3|   32|         96|
    |gmem1_AWVALID                       |   14|          3|    1|          3|
    |gmem1_BREADY                        |   14|          3|    1|          3|
    |gmem1_WVALID                        |    9|          2|    1|          2|
    |gmem1_blk_n_AW                      |    9|          2|    1|          2|
    |gmem1_blk_n_B                       |    9|          2|    1|          2|
    |gmem2_AWADDR                        |   14|          3|   64|        192|
    |gmem2_AWLEN                         |   14|          3|   32|         96|
    |gmem2_AWVALID                       |   14|          3|    1|          3|
    |gmem2_BREADY                        |   14|          3|    1|          3|
    |gmem2_WVALID                        |    9|          2|    1|          2|
    |gmem2_blk_n_AW                      |    9|          2|    1|          2|
    |gmem2_blk_n_B                       |    9|          2|    1|          2|
    |local_tables_1_address0             |   14|          3|    8|         24|
    |local_tables_1_ce0                  |   14|          3|    1|          3|
    |local_tables_1_ce1                  |    9|          2|    1|          2|
    |local_tables_1_we0                  |    9|          2|    1|          2|
    |local_tables_2_address0             |   14|          3|    8|         24|
    |local_tables_2_ce0                  |   14|          3|    1|          3|
    |local_tables_2_ce1                  |    9|          2|    1|          2|
    |local_tables_2_we0                  |    9|          2|    1|          2|
    |local_tables_3_address0             |   14|          3|    8|         24|
    |local_tables_3_ce0                  |   14|          3|    1|          3|
    |local_tables_3_ce1                  |    9|          2|    1|          2|
    |local_tables_3_we0                  |    9|          2|    1|          2|
    |local_tables_4_address0             |   14|          3|    8|         24|
    |local_tables_4_ce0                  |   14|          3|    1|          3|
    |local_tables_4_ce1                  |    9|          2|    1|          2|
    |local_tables_4_we0                  |    9|          2|    1|          2|
    |local_tables_address0               |   14|          3|    8|         24|
    |local_tables_ce0                    |   14|          3|    1|          3|
    |local_tables_ce1                    |    9|          2|    1|          2|
    |local_tables_we0                    |    9|          2|    1|          2|
    |local_updated_address0              |   14|          3|   10|         30|
    |local_updated_ce0                   |   14|          3|    1|          3|
    |local_updated_we0                   |    9|          2|    1|          2|
    |retval_0_reg_226                    |   20|          4|    2|          8|
    +------------------------------------+-----+-----------+-----+-----------+
    |Total                               |  610|        133|  276|        835|
    +------------------------------------+-----+-----------+-----+-----------+

    * Register: 
    +---------------------------------------------------------------------------------------+-----+----+-----+-----------+
    |                                          Name                                         |  FF | LUT| Bits| Const Bits|
    +---------------------------------------------------------------------------------------+-----+----+-----+-----------+
    |add_ln209_reg_733                                                                      |   32|   0|   32|          0|
    |ap_CS_fsm                                                                              |   28|   0|   28|          0|
    |bound4_reg_826                                                                         |   63|   0|   63|          0|
    |degree_read_reg_623                                                                    |   32|   0|   32|          0|
    |div_reg_768                                                                            |   32|   0|   32|          0|
    |empty_38_reg_646                                                                       |  254|   0|  254|          0|
    |empty_reg_640                                                                          |   31|   0|   31|          0|
    |grp_pe_sumcheck_round_fu_265_ap_start_reg                                              |    1|   0|    1|          0|
    |grp_sumcheck_round_axi_Pipeline_VITIS_LOOP_194_1_VITIS_LOOP_196_2_fu_249_ap_start_reg  |    1|   0|    1|          0|
    |grp_sumcheck_round_axi_Pipeline_VITIS_LOOP_209_3_fu_284_ap_start_reg                   |    1|   0|    1|          0|
    |grp_sumcheck_round_axi_Pipeline_VITIS_LOOP_214_4_VITIS_LOOP_216_5_fu_298_ap_start_reg  |    1|   0|    1|          0|
    |icmp_ln186_reg_687                                                                     |    1|   0|    1|          0|
    |icmp_ln187_reg_691                                                                     |    1|   0|    1|          0|
    |icmp_ln188_reg_695                                                                     |    1|   0|    1|          0|
    |icmp_ln189_reg_699                                                                     |    1|   0|    1|          0|
    |icmp_reg_775                                                                           |    1|   0|    1|          0|
    |local_samples_1_fu_152                                                                 |  256|   0|  256|          0|
    |local_samples_2_fu_156                                                                 |  256|   0|  256|          0|
    |local_samples_3_fu_160                                                                 |  256|   0|  256|          0|
    |local_samples_4_fu_164                                                                 |  256|   0|  256|          0|
    |local_samples_5_fu_168                                                                 |  256|   0|  256|          0|
    |local_samples_fu_148                                                                   |  256|   0|  256|          0|
    |mle_inputs_read_reg_635                                                                |   64|   0|   64|          0|
    |mul_ln191_reg_724                                                                      |   64|   0|   64|          0|
    |mul_ln214_reg_801                                                                      |   32|   0|   32|          0|
    |next_tables_read_reg_593                                                               |   64|   0|   64|          0|
    |r_read_reg_603                                                                         |  256|   0|  256|          0|
    |retval_0_reg_226                                                                       |    2|   0|    2|          0|
    |round_samples_read_reg_598                                                             |   64|   0|   64|          0|
    |select_ln194_reg_703                                                                   |   32|   0|   32|          0|
    |select_ln196_reg_708                                                                   |   32|   0|   32|          0|
    |select_ln214_1_reg_806                                                                 |   32|   0|   32|          0|
    |select_ln214_2_reg_791                                                                 |   31|   0|   31|          0|
    |select_ln214_reg_780                                                                   |   31|   0|   31|          0|
    |size_read_reg_608                                                                      |   32|   0|   32|          0|
    |tmp_reg_729                                                                            |    1|   0|    1|          0|
    |trunc_ln209_1_reg_739                                                                  |   59|   0|   59|          0|
    |trunc_ln3_reg_785                                                                      |   59|   0|   59|          0|
    +---------------------------------------------------------------------------------------+-----+----+-----+-----------+
    |Total                                                                                  | 2872|   0| 2872|          0|
    +---------------------------------------------------------------------------------------+-----+----+-----+-----------+



================================================================
== Interface
================================================================
* Summary: 
+-----------------------+-----+-----+------------+--------------------+--------------+
|       RTL Ports       | Dir | Bits|  Protocol  |    Source Object   |    C Type    |
+-----------------------+-----+-----+------------+--------------------+--------------+
|s_axi_control_AWVALID  |   in|    1|       s_axi|             control|        scalar|
|s_axi_control_AWREADY  |  out|    1|       s_axi|             control|        scalar|
|s_axi_control_AWADDR   |   in|    7|       s_axi|             control|        scalar|
|s_axi_control_WVALID   |   in|    1|       s_axi|             control|        scalar|
|s_axi_control_WREADY   |  out|    1|       s_axi|             control|        scalar|
|s_axi_control_WDATA    |   in|   32|       s_axi|             control|        scalar|
|s_axi_control_WSTRB    |   in|    4|       s_axi|             control|        scalar|
|s_axi_control_ARVALID  |   in|    1|       s_axi|             control|        scalar|
|s_axi_control_ARREADY  |  out|    1|       s_axi|             control|        scalar|
|s_axi_control_ARADDR   |   in|    7|       s_axi|             control|        scalar|
|s_axi_control_RVALID   |  out|    1|       s_axi|             control|        scalar|
|s_axi_control_RREADY   |   in|    1|       s_axi|             control|        scalar|
|s_axi_control_RDATA    |  out|   32|       s_axi|             control|        scalar|
|s_axi_control_RRESP    |  out|    2|       s_axi|             control|        scalar|
|s_axi_control_BVALID   |  out|    1|       s_axi|             control|        scalar|
|s_axi_control_BREADY   |   in|    1|       s_axi|             control|        scalar|
|s_axi_control_BRESP    |  out|    2|       s_axi|             control|        scalar|
|ap_clk                 |   in|    1|  ap_ctrl_hs|  sumcheck_round_axi|  return value|
|ap_rst_n               |   in|    1|  ap_ctrl_hs|  sumcheck_round_axi|  return value|
|interrupt              |  out|    1|  ap_ctrl_hs|  sumcheck_round_axi|  return value|
|m_axi_gmem0_AWVALID    |  out|    1|       m_axi|               gmem0|       pointer|
|m_axi_gmem0_AWREADY    |   in|    1|       m_axi|               gmem0|       pointer|
|m_axi_gmem0_AWADDR     |  out|   64|       m_axi|               gmem0|       pointer|
|m_axi_gmem0_AWID       |  out|    1|       m_axi|               gmem0|       pointer|
|m_axi_gmem0_AWLEN      |  out|    8|       m_axi|               gmem0|       pointer|
|m_axi_gmem0_AWSIZE     |  out|    3|       m_axi|               gmem0|       pointer|
|m_axi_gmem0_AWBURST    |  out|    2|       m_axi|               gmem0|       pointer|
|m_axi_gmem0_AWLOCK     |  out|    2|       m_axi|               gmem0|       pointer|
|m_axi_gmem0_AWCACHE    |  out|    4|       m_axi|               gmem0|       pointer|
|m_axi_gmem0_AWPROT     |  out|    3|       m_axi|               gmem0|       pointer|
|m_axi_gmem0_AWQOS      |  out|    4|       m_axi|               gmem0|       pointer|
|m_axi_gmem0_AWREGION   |  out|    4|       m_axi|               gmem0|       pointer|
|m_axi_gmem0_AWUSER     |  out|    1|       m_axi|               gmem0|       pointer|
|m_axi_gmem0_WVALID     |  out|    1|       m_axi|               gmem0|       pointer|
|m_axi_gmem0_WREADY     |   in|    1|       m_axi|               gmem0|       pointer|
|m_axi_gmem0_WDATA      |  out|  256|       m_axi|               gmem0|       pointer|
|m_axi_gmem0_WSTRB      |  out|   32|       m_axi|               gmem0|       pointer|
|m_axi_gmem0_WLAST      |  out|    1|       m_axi|               gmem0|       pointer|
|m_axi_gmem0_WID        |  out|    1|       m_axi|               gmem0|       pointer|
|m_axi_gmem0_WUSER      |  out|    1|       m_axi|               gmem0|       pointer|
|m_axi_gmem0_ARVALID    |  out|    1|       m_axi|               gmem0|       pointer|
|m_axi_gmem0_ARREADY    |   in|    1|       m_axi|               gmem0|       pointer|
|m_axi_gmem0_ARADDR     |  out|   64|       m_axi|               gmem0|       pointer|
|m_axi_gmem0_ARID       |  out|    1|       m_axi|               gmem0|       pointer|
|m_axi_gmem0_ARLEN      |  out|    8|       m_axi|               gmem0|       pointer|
|m_axi_gmem0_ARSIZE     |  out|    3|       m_axi|               gmem0|       pointer|
|m_axi_gmem0_ARBURST    |  out|    2|       m_axi|               gmem0|       pointer|
|m_axi_gmem0_ARLOCK     |  out|    2|       m_axi|               gmem0|       pointer|
|m_axi_gmem0_ARCACHE    |  out|    4|       m_axi|               gmem0|       pointer|
|m_axi_gmem0_ARPROT     |  out|    3|       m_axi|               gmem0|       pointer|
|m_axi_gmem0_ARQOS      |  out|    4|       m_axi|               gmem0|       pointer|
|m_axi_gmem0_ARREGION   |  out|    4|       m_axi|               gmem0|       pointer|
|m_axi_gmem0_ARUSER     |  out|    1|       m_axi|               gmem0|       pointer|
|m_axi_gmem0_RVALID     |   in|    1|       m_axi|               gmem0|       pointer|
|m_axi_gmem0_RREADY     |  out|    1|       m_axi|               gmem0|       pointer|
|m_axi_gmem0_RDATA      |   in|  256|       m_axi|               gmem0|       pointer|
|m_axi_gmem0_RLAST      |   in|    1|       m_axi|               gmem0|       pointer|
|m_axi_gmem0_RID        |   in|    1|       m_axi|               gmem0|       pointer|
|m_axi_gmem0_RUSER      |   in|    1|       m_axi|               gmem0|       pointer|
|m_axi_gmem0_RRESP      |   in|    2|       m_axi|               gmem0|       pointer|
|m_axi_gmem0_BVALID     |   in|    1|       m_axi|               gmem0|       pointer|
|m_axi_gmem0_BREADY     |  out|    1|       m_axi|               gmem0|       pointer|
|m_axi_gmem0_BRESP      |   in|    2|       m_axi|               gmem0|       pointer|
|m_axi_gmem0_BID        |   in|    1|       m_axi|               gmem0|       pointer|
|m_axi_gmem0_BUSER      |   in|    1|       m_axi|               gmem0|       pointer|
|m_axi_gmem1_AWVALID    |  out|    1|       m_axi|               gmem1|       pointer|
|m_axi_gmem1_AWREADY    |   in|    1|       m_axi|               gmem1|       pointer|
|m_axi_gmem1_AWADDR     |  out|   64|       m_axi|               gmem1|       pointer|
|m_axi_gmem1_AWID       |  out|    1|       m_axi|               gmem1|       pointer|
|m_axi_gmem1_AWLEN      |  out|    8|       m_axi|               gmem1|       pointer|
|m_axi_gmem1_AWSIZE     |  out|    3|       m_axi|               gmem1|       pointer|
|m_axi_gmem1_AWBURST    |  out|    2|       m_axi|               gmem1|       pointer|
|m_axi_gmem1_AWLOCK     |  out|    2|       m_axi|               gmem1|       pointer|
|m_axi_gmem1_AWCACHE    |  out|    4|       m_axi|               gmem1|       pointer|
|m_axi_gmem1_AWPROT     |  out|    3|       m_axi|               gmem1|       pointer|
|m_axi_gmem1_AWQOS      |  out|    4|       m_axi|               gmem1|       pointer|
|m_axi_gmem1_AWREGION   |  out|    4|       m_axi|               gmem1|       pointer|
|m_axi_gmem1_AWUSER     |  out|    1|       m_axi|               gmem1|       pointer|
|m_axi_gmem1_WVALID     |  out|    1|       m_axi|               gmem1|       pointer|
|m_axi_gmem1_WREADY     |   in|    1|       m_axi|               gmem1|       pointer|
|m_axi_gmem1_WDATA      |  out|  256|       m_axi|               gmem1|       pointer|
|m_axi_gmem1_WSTRB      |  out|   32|       m_axi|               gmem1|       pointer|
|m_axi_gmem1_WLAST      |  out|    1|       m_axi|               gmem1|       pointer|
|m_axi_gmem1_WID        |  out|    1|       m_axi|               gmem1|       pointer|
|m_axi_gmem1_WUSER      |  out|    1|       m_axi|               gmem1|       pointer|
|m_axi_gmem1_ARVALID    |  out|    1|       m_axi|               gmem1|       pointer|
|m_axi_gmem1_ARREADY    |   in|    1|       m_axi|               gmem1|       pointer|
|m_axi_gmem1_ARADDR     |  out|   64|       m_axi|               gmem1|       pointer|
|m_axi_gmem1_ARID       |  out|    1|       m_axi|               gmem1|       pointer|
|m_axi_gmem1_ARLEN      |  out|    8|       m_axi|               gmem1|       pointer|
|m_axi_gmem1_ARSIZE     |  out|    3|       m_axi|               gmem1|       pointer|
|m_axi_gmem1_ARBURST    |  out|    2|       m_axi|               gmem1|       pointer|
|m_axi_gmem1_ARLOCK     |  out|    2|       m_axi|               gmem1|       pointer|
|m_axi_gmem1_ARCACHE    |  out|    4|       m_axi|               gmem1|       pointer|
|m_axi_gmem1_ARPROT     |  out|    3|       m_axi|               gmem1|       pointer|
|m_axi_gmem1_ARQOS      |  out|    4|       m_axi|               gmem1|       pointer|
|m_axi_gmem1_ARREGION   |  out|    4|       m_axi|               gmem1|       pointer|
|m_axi_gmem1_ARUSER     |  out|    1|       m_axi|               gmem1|       pointer|
|m_axi_gmem1_RVALID     |   in|    1|       m_axi|               gmem1|       pointer|
|m_axi_gmem1_RREADY     |  out|    1|       m_axi|               gmem1|       pointer|
|m_axi_gmem1_RDATA      |   in|  256|       m_axi|               gmem1|       pointer|
|m_axi_gmem1_RLAST      |   in|    1|       m_axi|               gmem1|       pointer|
|m_axi_gmem1_RID        |   in|    1|       m_axi|               gmem1|       pointer|
|m_axi_gmem1_RUSER      |   in|    1|       m_axi|               gmem1|       pointer|
|m_axi_gmem1_RRESP      |   in|    2|       m_axi|               gmem1|       pointer|
|m_axi_gmem1_BVALID     |   in|    1|       m_axi|               gmem1|       pointer|
|m_axi_gmem1_BREADY     |  out|    1|       m_axi|               gmem1|       pointer|
|m_axi_gmem1_BRESP      |   in|    2|       m_axi|               gmem1|       pointer|
|m_axi_gmem1_BID        |   in|    1|       m_axi|               gmem1|       pointer|
|m_axi_gmem1_BUSER      |   in|    1|       m_axi|               gmem1|       pointer|
|m_axi_gmem2_AWVALID    |  out|    1|       m_axi|               gmem2|       pointer|
|m_axi_gmem2_AWREADY    |   in|    1|       m_axi|               gmem2|       pointer|
|m_axi_gmem2_AWADDR     |  out|   64|       m_axi|               gmem2|       pointer|
|m_axi_gmem2_AWID       |  out|    1|       m_axi|               gmem2|       pointer|
|m_axi_gmem2_AWLEN      |  out|    8|       m_axi|               gmem2|       pointer|
|m_axi_gmem2_AWSIZE     |  out|    3|       m_axi|               gmem2|       pointer|
|m_axi_gmem2_AWBURST    |  out|    2|       m_axi|               gmem2|       pointer|
|m_axi_gmem2_AWLOCK     |  out|    2|       m_axi|               gmem2|       pointer|
|m_axi_gmem2_AWCACHE    |  out|    4|       m_axi|               gmem2|       pointer|
|m_axi_gmem2_AWPROT     |  out|    3|       m_axi|               gmem2|       pointer|
|m_axi_gmem2_AWQOS      |  out|    4|       m_axi|               gmem2|       pointer|
|m_axi_gmem2_AWREGION   |  out|    4|       m_axi|               gmem2|       pointer|
|m_axi_gmem2_AWUSER     |  out|    1|       m_axi|               gmem2|       pointer|
|m_axi_gmem2_WVALID     |  out|    1|       m_axi|               gmem2|       pointer|
|m_axi_gmem2_WREADY     |   in|    1|       m_axi|               gmem2|       pointer|
|m_axi_gmem2_WDATA      |  out|  256|       m_axi|               gmem2|       pointer|
|m_axi_gmem2_WSTRB      |  out|   32|       m_axi|               gmem2|       pointer|
|m_axi_gmem2_WLAST      |  out|    1|       m_axi|               gmem2|       pointer|
|m_axi_gmem2_WID        |  out|    1|       m_axi|               gmem2|       pointer|
|m_axi_gmem2_WUSER      |  out|    1|       m_axi|               gmem2|       pointer|
|m_axi_gmem2_ARVALID    |  out|    1|       m_axi|               gmem2|       pointer|
|m_axi_gmem2_ARREADY    |   in|    1|       m_axi|               gmem2|       pointer|
|m_axi_gmem2_ARADDR     |  out|   64|       m_axi|               gmem2|       pointer|
|m_axi_gmem2_ARID       |  out|    1|       m_axi|               gmem2|       pointer|
|m_axi_gmem2_ARLEN      |  out|    8|       m_axi|               gmem2|       pointer|
|m_axi_gmem2_ARSIZE     |  out|    3|       m_axi|               gmem2|       pointer|
|m_axi_gmem2_ARBURST    |  out|    2|       m_axi|               gmem2|       pointer|
|m_axi_gmem2_ARLOCK     |  out|    2|       m_axi|               gmem2|       pointer|
|m_axi_gmem2_ARCACHE    |  out|    4|       m_axi|               gmem2|       pointer|
|m_axi_gmem2_ARPROT     |  out|    3|       m_axi|               gmem2|       pointer|
|m_axi_gmem2_ARQOS      |  out|    4|       m_axi|               gmem2|       pointer|
|m_axi_gmem2_ARREGION   |  out|    4|       m_axi|               gmem2|       pointer|
|m_axi_gmem2_ARUSER     |  out|    1|       m_axi|               gmem2|       pointer|
|m_axi_gmem2_RVALID     |   in|    1|       m_axi|               gmem2|       pointer|
|m_axi_gmem2_RREADY     |  out|    1|       m_axi|               gmem2|       pointer|
|m_axi_gmem2_RDATA      |   in|  256|       m_axi|               gmem2|       pointer|
|m_axi_gmem2_RLAST      |   in|    1|       m_axi|               gmem2|       pointer|
|m_axi_gmem2_RID        |   in|    1|       m_axi|               gmem2|       pointer|
|m_axi_gmem2_RUSER      |   in|    1|       m_axi|               gmem2|       pointer|
|m_axi_gmem2_RRESP      |   in|    2|       m_axi|               gmem2|       pointer|
|m_axi_gmem2_BVALID     |   in|    1|       m_axi|               gmem2|       pointer|
|m_axi_gmem2_BREADY     |  out|    1|       m_axi|               gmem2|       pointer|
|m_axi_gmem2_BRESP      |   in|    2|       m_axi|               gmem2|       pointer|
|m_axi_gmem2_BID        |   in|    1|       m_axi|               gmem2|       pointer|
|m_axi_gmem2_BUSER      |   in|    1|       m_axi|               gmem2|       pointer|
+-----------------------+-----+-----+------------+--------------------+--------------+

