

================================================================
== Vitis HLS Report for 'sumcheck_round_array'
================================================================
* Date:           Fri May  1 18:49:45 2026

* Version:        2023.2 (Build 4023990 on Oct 11 2023)
* Project:        zkphire_sumcheck
* Solution:       solution1 (Vivado IP Flow Target)
* Product family: zynq
* Target device:  xc7z020-clg400-1


================================================================
== Performance Estimates
================================================================
+ Timing: 
    * Summary: 
    +--------+----------+----------+------------+
    |  Clock |  Target  | Estimated| Uncertainty|
    +--------+----------+----------+------------+
    |ap_clk  |  10.00 ns|  7.145 ns|     2.70 ns|
    +--------+----------+----------+------------+

+ Latency: 
    * Summary: 
    +---------+---------+----------+----------+-----+-----+---------+
    |  Latency (cycles) |  Latency (absolute) |  Interval | Pipeline|
    |   min   |   max   |    min   |    max   | min | max |   Type  |
    +---------+---------+----------+----------+-----+-----+---------+
    |        ?|        ?|         ?|         ?|    ?|    ?|       no|
    +---------+---------+----------+----------+-----+-----+---------+

    + Detail: 
        * Instance: 
        +----------------------------------------------------------------------------+-----------------------------------------------------------------+---------+---------+-----------+----------+-----+-----+---------+
        |                                                                            |                                                                 |  Latency (cycles) |  Latency (absolute)  |  Interval | Pipeline|
        |                                  Instance                                  |                              Module                             |   min   |   max   |    min    |    max   | min | max |   Type  |
        +----------------------------------------------------------------------------+-----------------------------------------------------------------+---------+---------+-----------+----------+-----+-----+---------+
        |grp_pe_sumcheck_round_fu_121                                                |pe_sumcheck_round                                                |        ?|        ?|          ?|         ?|    ?|    ?|       no|
        |grp_sumcheck_round_array_Pipeline_VITIS_LOOP_151_1_VITIS_LOOP_153_2_fu_134  |sumcheck_round_array_Pipeline_VITIS_LOOP_151_1_VITIS_LOOP_153_2  |        3|      642|  30.000 ns|  6.420 us|    3|  642|       no|
        +----------------------------------------------------------------------------+-----------------------------------------------------------------+---------+---------+-----------+----------+-----+-----+---------+

        * Loop: 
        N/A



================================================================
== Utilization Estimates
================================================================
* Summary: 
+-----------------+---------+-----+--------+-------+-----+
|       Name      | BRAM_18K| DSP |   FF   |  LUT  | URAM|
+-----------------+---------+-----+--------+-------+-----+
|DSP              |        -|    -|       -|      -|    -|
|Expression       |        -|    -|       0|    450|    -|
|FIFO             |        -|    -|       -|      -|    -|
|Instance         |       60|  233|   66233|  20627|    0|
|Memory           |        -|    -|       -|      -|    -|
|Multiplexer      |        -|    -|       -|    144|    -|
|Register         |        -|    -|     751|      -|    -|
+-----------------+---------+-----+--------+-------+-----+
|Total            |       60|  233|   66984|  21221|    0|
+-----------------+---------+-----+--------+-------+-----+
|Available        |      280|  220|  106400|  53200|    0|
+-----------------+---------+-----+--------+-------+-----+
|Utilization (%)  |       21|  105|      62|     39|    0|
+-----------------+---------+-----+--------+-------+-----+

+ Detail: 
    * Instance: 
    +----------------------------------------------------------------------------+-----------------------------------------------------------------+---------+-----+-------+-------+-----+
    |                                  Instance                                  |                              Module                             | BRAM_18K| DSP |   FF  |  LUT  | URAM|
    +----------------------------------------------------------------------------+-----------------------------------------------------------------+---------+-----+-------+-------+-----+
    |control_s_axi_U                                                             |control_s_axi                                                    |        0|    0|    378|    688|    0|
    |icmp_256ns_256ns_1_2_1_U132                                                 |icmp_256ns_256ns_1_2_1                                           |        0|    0|    580|    132|    0|
    |mul_64ns_31ns_95_5_1_U131                                                   |mul_64ns_31ns_95_5_1                                             |        0|    8|    441|    256|    0|
    |grp_pe_sumcheck_round_fu_121                                                |pe_sumcheck_round                                                |       60|  225|  64648|  19073|    0|
    |grp_sumcheck_round_array_Pipeline_VITIS_LOOP_151_1_VITIS_LOOP_153_2_fu_134  |sumcheck_round_array_Pipeline_VITIS_LOOP_151_1_VITIS_LOOP_153_2  |        0|    0|    186|    478|    0|
    +----------------------------------------------------------------------------+-----------------------------------------------------------------+---------+-----+-------+-------+-----+
    |Total                                                                       |                                                                 |       60|  233|  66233|  20627|    0|
    +----------------------------------------------------------------------------+-----------------------------------------------------------------+---------+-----+-------+-------+-----+

    * DSP: 
    N/A

    * Memory: 
    N/A

    * FIFO: 
    N/A

    * Expression: 
    +----------------------------------+----------+----+---+----+------------+------------+
    |           Variable Name          | Operation| DSP| FF| LUT| Bitwidth P0| Bitwidth P1|
    +----------------------------------+----------+----+---+----+------------+------------+
    |add_ln144_fu_151_p2               |         +|   0|  0|  39|          32|           2|
    |add_ln145_fu_162_p2               |         +|   0|  0|  39|          32|           3|
    |add_ln146_fu_173_p2               |         +|   0|  0|  39|          32|           2|
    |sub_ln151_fu_236_p2               |         -|   0|  0|  40|          33|          33|
    |and_ln146_fu_178_p2               |       and|   0|  0|  32|          32|          32|
    |ap_block_state10_on_subcall_done  |       and|   0|  0|   2|           1|           1|
    |ap_predicate_op65_call_state10    |       and|   0|  0|   2|           1|           1|
    |empty_27_fu_220_p2                |      icmp|   0|  0|  39|          32|           3|
    |icmp_ln144_fu_156_p2              |      icmp|   0|  0|  39|          32|           3|
    |icmp_ln145_fu_167_p2              |      icmp|   0|  0|  39|          32|           8|
    |icmp_ln146_fu_183_p2              |      icmp|   0|  0|  39|          32|           1|
    |icmp_ln153_fu_206_p2              |      icmp|   0|  0|  38|          31|           1|
    |select_ln153_fu_212_p3            |    select|   0|  0|  31|           1|          31|
    |smax1_fu_225_p3                   |    select|   0|  0|  32|           1|          32|
    +----------------------------------+----------+----+---+----+------------+------------+
    |Total                             |          |   0|  0| 450|         324|         153|
    +----------------------------------+----------+----+---+----+------------+------------+

    * Multiplexer: 
    +------------------------------------+----+-----------+-----+-----------+
    |                Name                | LUT| Input Size| Bits| Total Bits|
    +------------------------------------+----+-----------+-----+-----------+
    |ap_NS_fsm                           |  59|         11|    1|         11|
    |ap_phi_mux_retval_0_phi_fu_104_p10  |   9|          2|    2|          4|
    |retval_0_reg_98                     |  20|          4|    2|          8|
    |updated_Addr_A                      |  14|          3|   32|         96|
    |updated_Din_A                       |  14|          3|  256|        768|
    |updated_EN_A                        |  14|          3|    1|          3|
    |updated_WEN_A                       |  14|          3|   32|         96|
    +------------------------------------+----+-----------+-----+-----------+
    |Total                               | 144|         29|  326|        986|
    +------------------------------------+----+-----------+-----+-----------+

    * Register: 
    +-----------------------------------------------------------------------------------------+-----+----+-----+-----------+
    |                                           Name                                          |  FF | LUT| Bits| Const Bits|
    +-----------------------------------------------------------------------------------------+-----+----+-----+-----------+
    |ap_CS_fsm                                                                                |   10|   0|   10|          0|
    |degree_read_reg_267                                                                      |   32|   0|   32|          0|
    |empty_reg_282                                                                            |  254|   0|  254|          0|
    |grp_pe_sumcheck_round_fu_121_ap_start_reg                                                |    1|   0|    1|          0|
    |grp_sumcheck_round_array_Pipeline_VITIS_LOOP_151_1_VITIS_LOOP_153_2_fu_134_ap_start_reg  |    1|   0|    1|          0|
    |icmp_ln144_reg_287                                                                       |    1|   0|    1|          0|
    |icmp_ln145_reg_291                                                                       |    1|   0|    1|          0|
    |icmp_ln146_reg_295                                                                       |    1|   0|    1|          0|
    |icmp_ln147_reg_299                                                                       |    1|   0|    1|          0|
    |mul_ln115_reg_324                                                                        |   95|   0|   95|          0|
    |r_read_reg_277                                                                           |  256|   0|  256|          0|
    |retval_0_reg_98                                                                          |    2|   0|    2|          0|
    |select_ln153_reg_303                                                                     |   31|   0|   31|          0|
    |size_read_reg_258                                                                        |   32|   0|   32|          0|
    |sub_ln151_reg_309                                                                        |   33|   0|   33|          0|
    +-----------------------------------------------------------------------------------------+-----+----+-----+-----------+
    |Total                                                                                    |  751|   0|  751|          0|
    +-----------------------------------------------------------------------------------------+-----+----+-----+-----------+



================================================================
== Interface
================================================================
* Summary: 
+-----------------------+-----+-----+------------+----------------------+--------------+
|       RTL Ports       | Dir | Bits|  Protocol  |     Source Object    |    C Type    |
+-----------------------+-----+-----+------------+----------------------+--------------+
|s_axi_control_AWVALID  |   in|    1|       s_axi|               control|        scalar|
|s_axi_control_AWREADY  |  out|    1|       s_axi|               control|        scalar|
|s_axi_control_AWADDR   |   in|    7|       s_axi|               control|        scalar|
|s_axi_control_WVALID   |   in|    1|       s_axi|               control|        scalar|
|s_axi_control_WREADY   |  out|    1|       s_axi|               control|        scalar|
|s_axi_control_WDATA    |   in|   32|       s_axi|               control|        scalar|
|s_axi_control_WSTRB    |   in|    4|       s_axi|               control|        scalar|
|s_axi_control_ARVALID  |   in|    1|       s_axi|               control|        scalar|
|s_axi_control_ARREADY  |  out|    1|       s_axi|               control|        scalar|
|s_axi_control_ARADDR   |   in|    7|       s_axi|               control|        scalar|
|s_axi_control_RVALID   |  out|    1|       s_axi|               control|        scalar|
|s_axi_control_RREADY   |   in|    1|       s_axi|               control|        scalar|
|s_axi_control_RDATA    |  out|   32|       s_axi|               control|        scalar|
|s_axi_control_RRESP    |  out|    2|       s_axi|               control|        scalar|
|s_axi_control_BVALID   |  out|    1|       s_axi|               control|        scalar|
|s_axi_control_BREADY   |   in|    1|       s_axi|               control|        scalar|
|s_axi_control_BRESP    |  out|    2|       s_axi|               control|        scalar|
|ap_clk                 |   in|    1|  ap_ctrl_hs|  sumcheck_round_array|  return value|
|ap_rst_n               |   in|    1|  ap_ctrl_hs|  sumcheck_round_array|  return value|
|interrupt              |  out|    1|  ap_ctrl_hs|  sumcheck_round_array|  return value|
|tables_Addr_A          |  out|   32|        bram|                tables|         array|
|tables_EN_A            |  out|    1|        bram|                tables|         array|
|tables_WEN_A           |  out|   32|        bram|                tables|         array|
|tables_Din_A           |  out|  256|        bram|                tables|         array|
|tables_Dout_A          |   in|  256|        bram|                tables|         array|
|tables_Clk_A           |  out|    1|        bram|                tables|         array|
|tables_Rst_A           |  out|    1|        bram|                tables|         array|
|tables_Addr_B          |  out|   32|        bram|                tables|         array|
|tables_EN_B            |  out|    1|        bram|                tables|         array|
|tables_WEN_B           |  out|   32|        bram|                tables|         array|
|tables_Din_B           |  out|  256|        bram|                tables|         array|
|tables_Dout_B          |   in|  256|        bram|                tables|         array|
|tables_Clk_B           |  out|    1|        bram|                tables|         array|
|tables_Rst_B           |  out|    1|        bram|                tables|         array|
|samples_Addr_A         |  out|   32|        bram|               samples|         array|
|samples_EN_A           |  out|    1|        bram|               samples|         array|
|samples_WEN_A          |  out|   32|        bram|               samples|         array|
|samples_Din_A          |  out|  256|        bram|               samples|         array|
|samples_Dout_A         |   in|  256|        bram|               samples|         array|
|samples_Clk_A          |  out|    1|        bram|               samples|         array|
|samples_Rst_A          |  out|    1|        bram|               samples|         array|
|updated_Addr_A         |  out|   32|        bram|               updated|         array|
|updated_EN_A           |  out|    1|        bram|               updated|         array|
|updated_WEN_A          |  out|   32|        bram|               updated|         array|
|updated_Din_A          |  out|  256|        bram|               updated|         array|
|updated_Dout_A         |   in|  256|        bram|               updated|         array|
|updated_Clk_A          |  out|    1|        bram|               updated|         array|
|updated_Rst_A          |  out|    1|        bram|               updated|         array|
+-----------------------+-----+-----+------------+----------------------+--------------+

